{"ts":"2026-04-29T14:07:28+00:00","level":"info","message":"incoming_request","context":{"method":"GET","uri":"\/WEB\/php\/api.php","remote_addr":"::1","body":null}}
{"ts":"2026-04-29T14:07:28+00:00","level":"warning","message":"not_found","context":{"path":"\/WEB\/php\/api.php","method":"GET"}}
{"ts":"2026-04-29T14:07:50+00:00","level":"info","message":"incoming_request","context":{"method":"GET","uri":"\/WEB\/php\/api.php\/arbres","remote_addr":"::1","body":null}}
{"ts":"2026-04-29T14:07:50+00:00","level":"info","message":"list_arbres","context":{"result_count":0}}
{"ts":"2026-04-29T14:09:24+00:00","level":"info","message":"incoming_request","context":{"method":"GET","uri":"\/WEB\/php\/api.php\/arbres","remote_addr":"::1","body":null}}
{"ts":"2026-04-29T14:09:24+00:00","level":"info","message":"list_arbres","context":{"result_count":0}}
{"ts":"2026-04-29T14:24:14+00:00","level":"info","message":"incoming_request","context":{"method":"GET","uri":"\/WEB\/php\/api.php\/especes","remote_addr":"::1","body":null}}
{"ts":"2026-04-29T14:24:14+00:00","level":"info","message":"list_especes","context":{"result_count":239}}
{"ts":"2026-04-30T07:12:10+00:00","level":"info","message":"incoming_request","context":{"method":"GET","uri":"\/WEB\/php\/api.php","remote_addr":"::1","body":null}}
{"ts":"2026-04-30T07:12:10+00:00","level":"warning","message":"not_found","context":{"path":"\/WEB\/php\/api.php","method":"GET"}}
{"ts":"2026-04-30T07:57:04+00:00","level":"info","message":"incoming_request","context":{"method":"GET","uri":"\/WEB\/php\/api.php\/especes","remote_addr":"::1","body":null}}
{"ts":"2026-04-30T07:57:04+00:00","level":"info","message":"list_especes","context":{"result_count":239}}
{"ts":"2026-04-30T07:57:04+00:00","level":"info","message":"incoming_request","context":{"method":"GET","uri":"\/WEB\/php\/api.php\/etats","remote_addr":"::1","body":null}}
{"ts":"2026-04-30T07:57:04+00:00","level":"info","message":"list_etats","context":{"result_count":0}}
{"ts":"2026-04-30T07:57:04+00:00","level":"info","message":"incoming_request","context":{"method":"GET","uri":"\/WEB\/php\/api.php\/stades-developpement","remote_addr":"::1","body":null}}
{"ts":"2026-04-30T07:57:04+00:00","level":"info","message":"list_stades","context":{"result_count":0}}
{"ts":"2026-04-30T07:57:04+00:00","level":"info","message":"incoming_request","context":{"method":"GET","uri":"\/WEB\/php\/api.php\/types-port","remote_addr":"::1","body":null}}
{"ts":"2026-04-30T07:57:04+00:00","level":"info","message":"list_types_port","context":{"result_count":0}}
{"ts":"2026-04-30T07:57:04+00:00","level":"info","message":"incoming_request","context":{"method":"GET","uri":"\/WEB\/php\/api.php\/types-pied","remote_addr":"::1","body":null}}
{"ts":"2026-04-30T07:57:04+00:00","level":"info","message":"list_types_pied","context":{"result_count":0}}
{"ts":"2026-04-30T07:57:19+00:00","level":"info","message":"incoming_request","context":{"method":"GET","uri":"\/WEB\/php\/api.php\/arbres","remote_addr":"::1","body":null}}
{"ts":"2026-04-30T07:57:19+00:00","level":"info","message":"list_arbres","context":{"result_count":0}}
{"ts":"2026-04-30T07:57:19+00:00","level":"info","message":"incoming_request","context":{"method":"GET","uri":"\/WEB\/php\/api.php\/especes","remote_addr":"::1","body":null}}
{"ts":"2026-04-30T07:57:19+00:00","level":"info","message":"list_especes","context":{"result_count":239}}
{"ts":"2026-04-30T07:57:19+00:00","level":"info","message":"incoming_request","context":{"method":"GET","uri":"\/WEB\/php\/api.php\/etats","remote_addr":"::1","body":null}}
{"ts":"2026-04-30T07:57:19+00:00","level":"info","message":"list_etats","context":{"result_count":0}}
{"ts":"2026-04-30T07:57:19+00:00","level":"info","message":"incoming_request","context":{"method":"GET","uri":"\/WEB\/php\/api.php\/stades-developpement","remote_addr":"::1","body":null}}
{"ts":"2026-04-30T07:57:19+00:00","level":"info","message":"list_stades","context":{"result_count":0}}
{"ts":"2026-04-30T07:57:19+00:00","level":"info","message":"incoming_request","context":{"method":"GET","uri":"\/WEB\/php\/api.php\/types-port","remote_addr":"::1","body":null}}
{"ts":"2026-04-30T07:57:19+00:00","level":"info","message":"list_types_port","context":{"result_count":0}}
{"ts":"2026-04-30T07:57:19+00:00","level":"info","message":"incoming_request","context":{"method":"GET","uri":"\/WEB\/php\/api.php\/types-pied","remote_addr":"::1","body":null}}
{"ts":"2026-04-30T07:57:19+00:00","level":"info","message":"list_types_pied","context":{"result_count":0}}
{"ts":"2026-04-30T07:57:29+00:00","level":"info","message":"incoming_request","context":{"method":"GET","uri":"\/WEB\/php\/api.php\/especes","remote_addr":"::1","body":null}}
{"ts":"2026-04-30T07:57:29+00:00","level":"info","message":"list_especes","context":{"result_count":239}}
{"ts":"2026-04-30T07:57:29+00:00","level":"info","message":"incoming_request","context":{"method":"GET","uri":"\/WEB\/php\/api.php\/etats","remote_addr":"::1","body":null}}
{"ts":"2026-04-30T07:57:29+00:00","level":"info","message":"list_etats","context":{"result_count":0}}
{"ts":"2026-04-30T07:57:29+00:00","level":"info","message":"incoming_request","context":{"method":"GET","uri":"\/WEB\/php\/api.php\/stades-developpement","remote_addr":"::1","body":null}}
{"ts":"2026-04-30T07:57:29+00:00","level":"info","message":"list_stades","context":{"result_count":0}}
{"ts":"2026-04-30T07:57:29+00:00","level":"info","message":"incoming_request","context":{"method":"GET","uri":"\/WEB\/php\/api.php\/types-port","remote_addr":"::1","body":null}}
{"ts":"2026-04-30T07:57:29+00:00","level":"info","message":"list_types_port","context":{"result_count":0}}
{"ts":"2026-04-30T07:57:29+00:00","level":"info","message":"incoming_request","context":{"method":"GET","uri":"\/WEB\/php\/api.php\/types-pied","remote_addr":"::1","body":null}}
{"ts":"2026-04-30T07:57:29+00:00","level":"info","message":"list_types_pied","context":{"result_count":0}}
{"ts":"2026-04-30T07:59:33+00:00","level":"info","message":"incoming_request","context":{"method":"GET","uri":"\/WEB\/php\/api.php\/especes","remote_addr":"::1","body":null}}
{"ts":"2026-04-30T07:59:33+00:00","level":"info","message":"list_especes","context":{"result_count":239}}
{"ts":"2026-04-30T07:59:33+00:00","level":"info","message":"incoming_request","context":{"method":"GET","uri":"\/WEB\/php\/api.php\/etats","remote_addr":"::1","body":null}}
{"ts":"2026-04-30T07:59:33+00:00","level":"info","message":"list_etats","context":{"result_count":6}}
{"ts":"2026-04-30T07:59:33+00:00","level":"info","message":"incoming_request","context":{"method":"GET","uri":"\/WEB\/php\/api.php\/stades-developpement","remote_addr":"::1","body":null}}
{"ts":"2026-04-30T07:59:33+00:00","level":"info","message":"list_stades","context":{"result_count":4}}
{"ts":"2026-04-30T07:59:33+00:00","level":"info","message":"incoming_request","context":{"method":"GET","uri":"\/WEB\/php\/api.php\/types-port","remote_addr":"::1","body":null}}
{"ts":"2026-04-30T07:59:33+00:00","level":"info","message":"list_types_port","context":{"result_count":16}}
{"ts":"2026-04-30T07:59:33+00:00","level":"info","message":"incoming_request","context":{"method":"GET","uri":"\/WEB\/php\/api.php\/types-pied","remote_addr":"::1","body":null}}
{"ts":"2026-04-30T07:59:33+00:00","level":"info","message":"list_types_pied","context":{"result_count":10}}
{"ts":"2026-04-30T07:59:44+00:00","level":"info","message":"incoming_request","context":{"method":"GET","uri":"\/WEB\/php\/api.php\/especes","remote_addr":"::1","body":null}}
{"ts":"2026-04-30T07:59:44+00:00","level":"info","message":"list_especes","context":{"result_count":239}}
{"ts":"2026-04-30T07:59:44+00:00","level":"info","message":"incoming_request","context":{"method":"GET","uri":"\/WEB\/php\/api.php\/etats","remote_addr":"::1","body":null}}
{"ts":"2026-04-30T07:59:44+00:00","level":"info","message":"list_etats","context":{"result_count":6}}
{"ts":"2026-04-30T07:59:44+00:00","level":"info","message":"incoming_request","context":{"method":"GET","uri":"\/WEB\/php\/api.php\/stades-developpement","remote_addr":"::1","body":null}}
{"ts":"2026-04-30T07:59:44+00:00","level":"info","message":"list_stades","context":{"result_count":4}}
{"ts":"2026-04-30T07:59:44+00:00","level":"info","message":"incoming_request","context":{"method":"GET","uri":"\/WEB\/php\/api.php\/types-port","remote_addr":"::1","body":null}}
{"ts":"2026-04-30T07:59:44+00:00","level":"info","message":"list_types_port","context":{"result_count":16}}
{"ts":"2026-04-30T07:59:44+00:00","level":"info","message":"incoming_request","context":{"method":"GET","uri":"\/WEB\/php\/api.php\/types-pied","remote_addr":"::1","body":null}}
{"ts":"2026-04-30T07:59:44+00:00","level":"info","message":"list_types_pied","context":{"result_count":10}}
{"ts":"2026-04-30T08:00:39+00:00","level":"info","message":"incoming_request","context":{"method":"POST","uri":"\/WEB\/php\/api.php\/arbres","remote_addr":"::1","body":null}}
{"ts":"2026-04-30T08:00:39+00:00","level":"info","message":"create_arbre","context":{"input":{"hauteur_totale":1,"hauteur_tronc":1,"diametre_tronc":1,"latitude":1,"longitude":1,"id_espece":76,"id_stade":2,"id_etat":2,"id_port":3,"id_pied":5,"est_remarquable":1},"created_id":1}}
{"ts":"2026-04-30T08:00:46+00:00","level":"info","message":"incoming_request","context":{"method":"GET","uri":"\/WEB\/php\/api.php\/arbres","remote_addr":"::1","body":null}}
{"ts":"2026-04-30T08:00:46+00:00","level":"info","message":"list_arbres","context":{"result_count":1}}
{"ts":"2026-04-30T08:00:46+00:00","level":"info","message":"incoming_request","context":{"method":"GET","uri":"\/WEB\/php\/api.php\/especes","remote_addr":"::1","body":null}}
{"ts":"2026-04-30T08:00:46+00:00","level":"info","message":"list_especes","context":{"result_count":239}}
{"ts":"2026-04-30T08:00:46+00:00","level":"info","message":"incoming_request","context":{"method":"GET","uri":"\/WEB\/php\/api.php\/etats","remote_addr":"::1","body":null}}
{"ts":"2026-04-30T08:00:46+00:00","level":"info","message":"list_etats","context":{"result_count":6}}
{"ts":"2026-04-30T08:00:46+00:00","level":"info","message":"incoming_request","context":{"method":"GET","uri":"\/WEB\/php\/api.php\/stades-developpement","remote_addr":"::1","body":null}}
{"ts":"2026-04-30T08:00:46+00:00","level":"info","message":"list_stades","context":{"result_count":4}}
{"ts":"2026-04-30T08:00:46+00:00","level":"info","message":"incoming_request","context":{"method":"GET","uri":"\/WEB\/php\/api.php\/types-port","remote_addr":"::1","body":null}}
{"ts":"2026-04-30T08:00:46+00:00","level":"info","message":"list_types_port","context":{"result_count":16}}
{"ts":"2026-04-30T08:00:46+00:00","level":"info","message":"incoming_request","context":{"method":"GET","uri":"\/WEB\/php\/api.php\/types-pied","remote_addr":"::1","body":null}}
{"ts":"2026-04-30T08:00:46+00:00","level":"info","message":"list_types_pied","context":{"result_count":10}}
{"ts":"2026-04-30T08:00:50+00:00","level":"info","message":"incoming_request","context":{"method":"POST","uri":"\/WEB\/php\/api.php\/predictions","remote_addr":"::1","body":null}}
{"ts":"2026-04-30T08:00:57+00:00","level":"info","message":"incoming_request","context":{"method":"GET","uri":"\/WEB\/php\/api.php\/arbres","remote_addr":"::1","body":null}}
{"ts":"2026-04-30T08:00:57+00:00","level":"info","message":"list_arbres","context":{"result_count":1}}
{"ts":"2026-04-30T08:01:20+00:00","level":"info","message":"incoming_request","context":{"method":"GET","uri":"\/WEB\/php\/api.php\/especes","remote_addr":"::1","body":null}}
{"ts":"2026-04-30T08:01:20+00:00","level":"info","message":"list_especes","context":{"result_count":239}}
{"ts":"2026-04-30T08:01:20+00:00","level":"info","message":"incoming_request","context":{"method":"GET","uri":"\/WEB\/php\/api.php\/etats","remote_addr":"::1","body":null}}
{"ts":"2026-04-30T08:01:20+00:00","level":"info","message":"list_etats","context":{"result_count":6}}
{"ts":"2026-04-30T08:01:20+00:00","level":"info","message":"incoming_request","context":{"method":"GET","uri":"\/WEB\/php\/api.php\/stades-developpement","remote_addr":"::1","body":null}}
{"ts":"2026-04-30T08:01:20+00:00","level":"info","message":"list_stades","context":{"result_count":4}}
{"ts":"2026-04-30T08:01:20+00:00","level":"info","message":"incoming_request","context":{"method":"GET","uri":"\/WEB\/php\/api.php\/types-port","remote_addr":"::1","body":null}}
{"ts":"2026-04-30T08:01:20+00:00","level":"info","message":"list_types_port","context":{"result_count":16}}
{"ts":"2026-04-30T08:01:20+00:00","level":"info","message":"incoming_request","context":{"method":"GET","uri":"\/WEB\/php\/api.php\/types-pied","remote_addr":"::1","body":null}}
{"ts":"2026-04-30T08:01:20+00:00","level":"info","message":"list_types_pied","context":{"result_count":10}}
{"ts":"2026-04-30T08:01:21+00:00","level":"info","message":"incoming_request","context":{"method":"GET","uri":"\/WEB\/php\/api.php\/arbres","remote_addr":"::1","body":null}}
{"ts":"2026-04-30T08:01:21+00:00","level":"info","message":"list_arbres","context":{"result_count":1}}
{"ts":"2026-04-30T08:01:21+00:00","level":"info","message":"incoming_request","context":{"method":"GET","uri":"\/WEB\/php\/api.php\/especes","remote_addr":"::1","body":null}}
{"ts":"2026-04-30T08:01:21+00:00","level":"info","message":"list_especes","context":{"result_count":239}}
{"ts":"2026-04-30T08:01:21+00:00","level":"info","message":"incoming_request","context":{"method":"GET","uri":"\/WEB\/php\/api.php\/etats","remote_addr":"::1","body":null}}
{"ts":"2026-04-30T08:01:21+00:00","level":"info","message":"list_etats","context":{"result_count":6}}
{"ts":"2026-04-30T08:01:21+00:00","level":"info","message":"incoming_request","context":{"method":"GET","uri":"\/WEB\/php\/api.php\/stades-developpement","remote_addr":"::1","body":null}}
{"ts":"2026-04-30T08:01:21+00:00","level":"info","message":"list_stades","context":{"result_count":4}}
{"ts":"2026-04-30T08:01:21+00:00","level":"info","message":"incoming_request","context":{"method":"GET","uri":"\/WEB\/php\/api.php\/types-port","remote_addr":"::1","body":null}}
{"ts":"2026-04-30T08:01:21+00:00","level":"info","message":"list_types_port","context":{"result_count":16}}
{"ts":"2026-04-30T08:01:21+00:00","level":"info","message":"incoming_request","context":{"method":"GET","uri":"\/WEB\/php\/api.php\/types-pied","remote_addr":"::1","body":null}}
{"ts":"2026-04-30T08:01:21+00:00","level":"info","message":"list_types_pied","context":{"result_count":10}}
{"ts":"2026-04-30T08:01:25+00:00","level":"info","message":"incoming_request","context":{"method":"POST","uri":"\/WEB\/php\/api.php\/predictions","remote_addr":"::1","body":null}}
{"ts":"2026-04-30T08:01:42+00:00","level":"info","message":"incoming_request","context":{"method":"GET","uri":"\/WEB\/php\/api.php\/arbres","remote_addr":"::1","body":null}}
{"ts":"2026-04-30T08:01:42+00:00","level":"info","message":"list_arbres","context":{"result_count":1}}
{"ts":"2026-04-30T08:03:21+00:00","level":"info","message":"incoming_request","context":{"method":"GET","uri":"\/WEB\/php\/api.php\/especes","remote_addr":"::1","body":null}}
{"ts":"2026-04-30T08:03:21+00:00","level":"info","message":"list_especes","context":{"result_count":239}}
{"ts":"2026-04-30T08:03:21+00:00","level":"info","message":"incoming_request","context":{"method":"GET","uri":"\/WEB\/php\/api.php\/etats","remote_addr":"::1","body":null}}
{"ts":"2026-04-30T08:03:21+00:00","level":"info","message":"list_etats","context":{"result_count":6}}
{"ts":"2026-04-30T08:03:21+00:00","level":"info","message":"incoming_request","context":{"method":"GET","uri":"\/WEB\/php\/api.php\/stades-developpement","remote_addr":"::1","body":null}}
{"ts":"2026-04-30T08:03:21+00:00","level":"info","message":"list_stades","context":{"result_count":4}}
{"ts":"2026-04-30T08:03:21+00:00","level":"info","message":"incoming_request","context":{"method":"GET","uri":"\/WEB\/php\/api.php\/types-port","remote_addr":"::1","body":null}}
{"ts":"2026-04-30T08:03:21+00:00","level":"info","message":"list_types_port","context":{"result_count":16}}
{"ts":"2026-04-30T08:03:21+00:00","level":"info","message":"incoming_request","context":{"method":"GET","uri":"\/WEB\/php\/api.php\/types-pied","remote_addr":"::1","body":null}}
{"ts":"2026-04-30T08:03:21+00:00","level":"info","message":"list_types_pied","context":{"result_count":10}}
{"ts":"2026-04-30T08:03:35+00:00","level":"info","message":"incoming_request","context":{"method":"GET","uri":"\/WEB\/php\/api.php\/especes","remote_addr":"::1","body":null}}
{"ts":"2026-04-30T08:03:35+00:00","level":"info","message":"list_especes","context":{"result_count":239}}
{"ts":"2026-04-30T08:03:35+00:00","level":"info","message":"incoming_request","context":{"method":"GET","uri":"\/WEB\/php\/api.php\/etats","remote_addr":"::1","body":null}}
{"ts":"2026-04-30T08:03:35+00:00","level":"info","message":"list_etats","context":{"result_count":6}}
{"ts":"2026-04-30T08:03:35+00:00","level":"info","message":"incoming_request","context":{"method":"GET","uri":"\/WEB\/php\/api.php\/stades-developpement","remote_addr":"::1","body":null}}
{"ts":"2026-04-30T08:03:35+00:00","level":"info","message":"list_stades","context":{"result_count":4}}
{"ts":"2026-04-30T08:03:35+00:00","level":"info","message":"incoming_request","context":{"method":"GET","uri":"\/WEB\/php\/api.php\/types-port","remote_addr":"::1","body":null}}
{"ts":"2026-04-30T08:03:35+00:00","level":"info","message":"list_types_port","context":{"result_count":16}}
{"ts":"2026-04-30T08:03:35+00:00","level":"info","message":"incoming_request","context":{"method":"GET","uri":"\/WEB\/php\/api.php\/types-pied","remote_addr":"::1","body":null}}
{"ts":"2026-04-30T08:03:35+00:00","level":"info","message":"list_types_pied","context":{"result_count":10}}
